[0.058s] Invoking command in '/home/fv/workspace/ros_ur_driver/src/build/hardware_interface': AMENT_PREFIX_PATH=/home/fv/workspace/ros_ur_driver/src/install/joint_limits:/home/fv/workspace/ros_ur_driver/src/install/ros2_control_test_assets:/home/fv/workspace/ros_ur_driver/src/install/realtime_tools:/home/fv/workspace/ros_ur_driver/src/install/control_msgs:${AMENT_PREFIX_PATH} CMAKE_PREFIX_PATH=/home/fv/workspace/ros_ur_driver/src/install/joint_limits:/home/fv/workspace/ros_ur_driver/src/install/ros2_control_test_assets:/home/fv/workspace/ros_ur_driver/src/install/realtime_tools:/home/fv/workspace/ros_ur_driver/src/install/control_msgs:/opt/ros/jazzy/opt/sdformat_vendor:/opt/ros/jazzy/opt/gz_math_vendor:/opt/ros/jazzy/opt/gz_utils_vendor:/opt/ros/jazzy/opt/gz_tools_vendor:/opt/ros/jazzy/opt/gz_cmake_vendor:/opt/ros/jazzy CONDA_PROMPT_MODIFIER=(base) DEBUGINFOD_URLS=https://debuginfod.ubuntu.com LD_LIBRARY_PATH=/home/fv/workspace/ros_ur_driver/src/install/joint_limits/lib:/home/fv/workspace/ros_ur_driver/src/install/ros2_control_test_assets/lib:/home/fv/workspace/ros_ur_driver/src/install/realtime_tools/lib:/home/fv/workspace/ros_ur_driver/src/install/control_msgs/lib:${LD_LIBRARY_PATH} PS1=(venv) (base) \[\e]0;\u@\h: \w\a\]${debian_chroot:+($debian_chroot)}\[\033[01;32m\]\u@\h\[\033[00m\]:\[\033[01;34m\]\w\[\033[00m\]\$ PYTHONPATH=/home/fv/workspace/ros_ur_driver/src/install/control_msgs/lib/python3.13/site-packages:${PYTHONPATH} VIRTUAL_ENV_PROMPT=(venv) /usr/bin/cmake /home/fv/workspace/ros_ur_driver/src/ros2_control/hardware_interface -DCMAKE_BUILD_TYPE=Release -DCMAKE_INSTALL_PREFIX=/home/fv/workspace/ros_ur_driver/src/install/hardware_interface
[0.148s] -- The CXX compiler identification is GNU 13.3.0
[0.186s] -- Detecting CXX compiler ABI info
[0.397s] -- Detecting CXX compiler ABI info - done
[0.445s] -- Check for working CXX compiler: /usr/bin/c++ - skipped
[0.446s] -- Detecting CXX compile features
[0.448s] -- Detecting CXX compile features - done
[0.471s] -- Found ros2_control_cmake: 0.2.1 (/opt/ros/jazzy/share/ros2_control_cmake/cmake)
[0.472s] -- Compiler warnings enabled for GNU
[0.472s] -- Detected GCC Version: 13.3.0 (Major: 13, Minor: 3)
[0.486s] -- Found ament_cmake: 2.5.4 (/opt/ros/jazzy/share/ament_cmake/cmake)
[0.936s] -- Found Python3: /home/fv/venv/bin/python3 (found version "3.13.5") found components: Interpreter 
[1.077s] -- Found control_msgs: 5.5.0 (/home/fv/workspace/ros_ur_driver/src/install/control_msgs/share/control_msgs/cmake)
[1.125s] -- Found rosidl_generator_c: 4.6.6 (/opt/ros/jazzy/share/rosidl_generator_c/cmake)
[1.140s] -- Found rosidl_generator_cpp: 4.6.6 (/opt/ros/jazzy/share/rosidl_generator_cpp/cmake)
[1.158s] -- Using all available rosidl_typesupport_c: rosidl_typesupport_fastrtps_c;rosidl_typesupport_introspection_c
[1.179s] -- Using all available rosidl_typesupport_cpp: rosidl_typesupport_fastrtps_cpp;rosidl_typesupport_introspection_cpp
[1.378s] -- Found lifecycle_msgs: 2.0.3 (/opt/ros/jazzy/share/lifecycle_msgs/cmake)
[1.398s] -- Found pluginlib: 5.4.2 (/opt/ros/jazzy/share/pluginlib/cmake)
[1.427s] -- Found TinyXML2 via Config file: /usr/lib/x86_64-linux-gnu/cmake/tinyxml2
[1.430s] -- Found rclcpp_lifecycle: 28.1.12 (/opt/ros/jazzy/share/rclcpp_lifecycle/cmake)
[1.478s] -- Found rmw_implementation_cmake: 7.3.2 (/opt/ros/jazzy/share/rmw_implementation_cmake/cmake)
[1.482s] -- Found rmw_fastrtps_cpp: 8.4.3 (/opt/ros/jazzy/share/rmw_fastrtps_cpp/cmake)
[1.510s] -- Found TinyXML2 via Config file: /usr/lib/x86_64-linux-gnu/cmake/tinyxml2
[1.702s] -- Found OpenSSL: /usr/lib/x86_64-linux-gnu/libcrypto.so (found version "3.0.13")  
[1.716s] -- Found TinyXML2 via Config file: /usr/lib/x86_64-linux-gnu/cmake/tinyxml2
[1.793s] -- Found FastRTPS: /opt/ros/jazzy/include (Required is at least version "2.13") 
[1.809s] -- Found TinyXML2 via Config file: /usr/lib/x86_64-linux-gnu/cmake/tinyxml2
[1.843s] -- Found TinyXML2 via Config file: /usr/lib/x86_64-linux-gnu/cmake/tinyxml2
[1.886s] -- Using RMW implementation 'rmw_fastrtps_cpp' as default
[2.367s] -- Found realtime_tools: 3.9.0 (/home/fv/workspace/ros_ur_driver/src/install/realtime_tools/share/realtime_tools/cmake)
[2.708s] -- Found TinyXML2 via Config file: /usr/lib/x86_64-linux-gnu/cmake/tinyxml2
[2.710s] -- Found joint_limits: 5.7.0 (/home/fv/workspace/ros_ur_driver/src/install/joint_limits/share/joint_limits/cmake)
[2.802s] -- Found pal_statistics: 2.6.4 (/opt/ros/jazzy/share/pal_statistics/cmake)
[2.861s] -- Found ament_cmake_gmock: 2.5.4 (/opt/ros/jazzy/share/ament_cmake_gmock/cmake)
[2.866s] -- Found ros2_control_test_assets: 5.7.0 (/home/fv/workspace/ros_ur_driver/src/install/ros2_control_test_assets/share/ros2_control_test_assets/cmake)
[2.880s] -- Found gmock sources under '/opt/ros/jazzy/src/gmock_vendor': C++ tests using 'Google Mock' will be built
[2.994s] -- The C compiler identification is GNU 13.3.0
[3.026s] -- Detecting C compiler ABI info
[3.341s] -- Detecting C compiler ABI info - done
[3.390s] -- Check for working C compiler: /usr/bin/cc - skipped
[3.391s] -- Detecting C compile features
[3.393s] -- Detecting C compile features - done
[3.409s] -- Found ament_cmake_gtest: 2.5.4 (/opt/ros/jazzy/share/ament_cmake_gtest/cmake)
[3.411s] -- Found gtest sources under '/opt/ros/jazzy/src/gtest_vendor': C++ tests using 'Google Test' will be built
[3.421s] -- Found Threads: TRUE  
[3.636s] -- Configuring done (3.6s)
[4.325s] -- Generating done (0.6s)
[4.454s] -- Build files have been written to: /home/fv/workspace/ros_ur_driver/src/build/hardware_interface
[4.503s] Invoked command in '/home/fv/workspace/ros_ur_driver/src/build/hardware_interface' returned '0': AMENT_PREFIX_PATH=/home/fv/workspace/ros_ur_driver/src/install/joint_limits:/home/fv/workspace/ros_ur_driver/src/install/ros2_control_test_assets:/home/fv/workspace/ros_ur_driver/src/install/realtime_tools:/home/fv/workspace/ros_ur_driver/src/install/control_msgs:${AMENT_PREFIX_PATH} CMAKE_PREFIX_PATH=/home/fv/workspace/ros_ur_driver/src/install/joint_limits:/home/fv/workspace/ros_ur_driver/src/install/ros2_control_test_assets:/home/fv/workspace/ros_ur_driver/src/install/realtime_tools:/home/fv/workspace/ros_ur_driver/src/install/control_msgs:/opt/ros/jazzy/opt/sdformat_vendor:/opt/ros/jazzy/opt/gz_math_vendor:/opt/ros/jazzy/opt/gz_utils_vendor:/opt/ros/jazzy/opt/gz_tools_vendor:/opt/ros/jazzy/opt/gz_cmake_vendor:/opt/ros/jazzy CONDA_PROMPT_MODIFIER=(base) DEBUGINFOD_URLS=https://debuginfod.ubuntu.com LD_LIBRARY_PATH=/home/fv/workspace/ros_ur_driver/src/install/joint_limits/lib:/home/fv/workspace/ros_ur_driver/src/install/ros2_control_test_assets/lib:/home/fv/workspace/ros_ur_driver/src/install/realtime_tools/lib:/home/fv/workspace/ros_ur_driver/src/install/control_msgs/lib:${LD_LIBRARY_PATH} PS1=(venv) (base) \[\e]0;\u@\h: \w\a\]${debian_chroot:+($debian_chroot)}\[\033[01;32m\]\u@\h\[\033[00m\]:\[\033[01;34m\]\w\[\033[00m\]\$ PYTHONPATH=/home/fv/workspace/ros_ur_driver/src/install/control_msgs/lib/python3.13/site-packages:${PYTHONPATH} VIRTUAL_ENV_PROMPT=(venv) /usr/bin/cmake /home/fv/workspace/ros_ur_driver/src/ros2_control/hardware_interface -DCMAKE_BUILD_TYPE=Release -DCMAKE_INSTALL_PREFIX=/home/fv/workspace/ros_ur_driver/src/install/hardware_interface
[4.505s] Invoking command in '/home/fv/workspace/ros_ur_driver/src/build/hardware_interface': AMENT_PREFIX_PATH=/home/fv/workspace/ros_ur_driver/src/install/joint_limits:/home/fv/workspace/ros_ur_driver/src/install/ros2_control_test_assets:/home/fv/workspace/ros_ur_driver/src/install/realtime_tools:/home/fv/workspace/ros_ur_driver/src/install/control_msgs:${AMENT_PREFIX_PATH} CMAKE_PREFIX_PATH=/home/fv/workspace/ros_ur_driver/src/install/joint_limits:/home/fv/workspace/ros_ur_driver/src/install/ros2_control_test_assets:/home/fv/workspace/ros_ur_driver/src/install/realtime_tools:/home/fv/workspace/ros_ur_driver/src/install/control_msgs:/opt/ros/jazzy/opt/sdformat_vendor:/opt/ros/jazzy/opt/gz_math_vendor:/opt/ros/jazzy/opt/gz_utils_vendor:/opt/ros/jazzy/opt/gz_tools_vendor:/opt/ros/jazzy/opt/gz_cmake_vendor:/opt/ros/jazzy CONDA_PROMPT_MODIFIER=(base) DEBUGINFOD_URLS=https://debuginfod.ubuntu.com LD_LIBRARY_PATH=/home/fv/workspace/ros_ur_driver/src/install/joint_limits/lib:/home/fv/workspace/ros_ur_driver/src/install/ros2_control_test_assets/lib:/home/fv/workspace/ros_ur_driver/src/install/realtime_tools/lib:/home/fv/workspace/ros_ur_driver/src/install/control_msgs/lib:${LD_LIBRARY_PATH} PS1=(venv) (base) \[\e]0;\u@\h: \w\a\]${debian_chroot:+($debian_chroot)}\[\033[01;32m\]\u@\h\[\033[00m\]:\[\033[01;34m\]\w\[\033[00m\]\$ PYTHONPATH=/home/fv/workspace/ros_ur_driver/src/install/control_msgs/lib/python3.13/site-packages:${PYTHONPATH} VIRTUAL_ENV_PROMPT=(venv) /usr/bin/cmake --build /home/fv/workspace/ros_ur_driver/src/build/hardware_interface -- -j20 -l20
[4.562s] [  2%] [34m[1mGenerating hardware_interface/version.h[0m
[4.563s] [  4%] [32mBuilding CXX object gmock/CMakeFiles/gmock.dir/src/gmock-all.cc.o[0m
[4.564s] [  7%] [32mBuilding CXX object gmock/CMakeFiles/gmock.dir/opt/ros/jazzy/src/gtest_vendor/src/gtest-all.cc.o[0m
[4.586s] [  9%] [32mBuilding CXX object gmock/CMakeFiles/gmock_main.dir/src/gmock_main.cc.o[0m
[4.599s] [  9%] Built target ament_generate_version_header__hardware_interface
[4.627s] [ 12%] [32mBuilding CXX object gtest/CMakeFiles/gtest.dir/src/gtest-all.cc.o[0m
[6.516s] [ 14%] [32m[1mLinking CXX static library libgmock_main.a[0m
[6.564s] [ 14%] Built target gmock_main
[6.593s] [ 17%] [32mBuilding CXX object CMakeFiles/hardware_interface.dir/src/component_parser.cpp.o[0m
[6.593s] [ 19%] [32mBuilding CXX object CMakeFiles/hardware_interface.dir/src/resource_manager.cpp.o[0m
[6.825s] In file included from [01m[K/home/fv/workspace/ros_ur_driver/src/ros2_control/hardware_interface/include/hardware_interface/actuator_interface.hpp:18[m[K,
[6.825s]                  from [01m[K/home/fv/workspace/ros_ur_driver/src/ros2_control/hardware_interface/include/hardware_interface/actuator.hpp:18[m[K,
[6.825s]                  from [01m[K/home/fv/workspace/ros_ur_driver/src/ros2_control/hardware_interface/include/hardware_interface/resource_manager.hpp:23[m[K,
[6.826s]                  from [01m[K/home/fv/workspace/ros_ur_driver/src/ros2_control/hardware_interface/src/resource_manager.cpp:15[m[K:
[6.826s] [01m[K/home/fv/workspace/ros_ur_driver/src/ros2_control/hardware_interface/include/hardware_interface/hardware_component_interface.hpp:27:10:[m[K [01;31m[Kfatal error: [m[Kcontrol_msgs/msg/hardware_status.hpp: No such file or directory
[6.826s]    27 | #include [01;31m[K"control_msgs/msg/hardware_status.hpp"[m[K
[6.826s]       |          [01;31m[K^~~~~~~~~~~~~~~~~~~~~~~~~~~~~~~~~~~~~~[m[K
[6.826s] compilation terminated.
[6.826s] gmake[2]: *** [CMakeFiles/hardware_interface.dir/build.make:90: CMakeFiles/hardware_interface.dir/src/resource_manager.cpp.o] Error 1
[6.826s] gmake[2]: *** Waiting for unfinished jobs....
[14.176s] gmake[1]: *** [CMakeFiles/Makefile2:198: CMakeFiles/hardware_interface.dir/all] Error 2
[14.176s] gmake[1]: *** Waiting for unfinished jobs....
[21.153s] [ 21%] [32m[1mLinking CXX static library libgtest.a[0m
[21.216s] [ 21%] Built target gtest
[22.971s] [ 24%] [32m[1mLinking CXX static library libgmock.a[0m
[23.039s] [ 24%] Built target gmock
[23.040s] gmake: *** [Makefile:146: all] Error 2
[23.043s] Invoked command in '/home/fv/workspace/ros_ur_driver/src/build/hardware_interface' returned '2': AMENT_PREFIX_PATH=/home/fv/workspace/ros_ur_driver/src/install/joint_limits:/home/fv/workspace/ros_ur_driver/src/install/ros2_control_test_assets:/home/fv/workspace/ros_ur_driver/src/install/realtime_tools:/home/fv/workspace/ros_ur_driver/src/install/control_msgs:${AMENT_PREFIX_PATH} CMAKE_PREFIX_PATH=/home/fv/workspace/ros_ur_driver/src/install/joint_limits:/home/fv/workspace/ros_ur_driver/src/install/ros2_control_test_assets:/home/fv/workspace/ros_ur_driver/src/install/realtime_tools:/home/fv/workspace/ros_ur_driver/src/install/control_msgs:/opt/ros/jazzy/opt/sdformat_vendor:/opt/ros/jazzy/opt/gz_math_vendor:/opt/ros/jazzy/opt/gz_utils_vendor:/opt/ros/jazzy/opt/gz_tools_vendor:/opt/ros/jazzy/opt/gz_cmake_vendor:/opt/ros/jazzy CONDA_PROMPT_MODIFIER=(base) DEBUGINFOD_URLS=https://debuginfod.ubuntu.com LD_LIBRARY_PATH=/home/fv/workspace/ros_ur_driver/src/install/joint_limits/lib:/home/fv/workspace/ros_ur_driver/src/install/ros2_control_test_assets/lib:/home/fv/workspace/ros_ur_driver/src/install/realtime_tools/lib:/home/fv/workspace/ros_ur_driver/src/install/control_msgs/lib:${LD_LIBRARY_PATH} PS1=(venv) (base) \[\e]0;\u@\h: \w\a\]${debian_chroot:+($debian_chroot)}\[\033[01;32m\]\u@\h\[\033[00m\]:\[\033[01;34m\]\w\[\033[00m\]\$ PYTHONPATH=/home/fv/workspace/ros_ur_driver/src/install/control_msgs/lib/python3.13/site-packages:${PYTHONPATH} VIRTUAL_ENV_PROMPT=(venv) /usr/bin/cmake --build /home/fv/workspace/ros_ur_driver/src/build/hardware_interface -- -j20 -l20
